<?xml version="1.0" encoding="UTF-8"?>
<testng-results skipped="0" failed="1" ignored="0" total="2" passed="1">
  <reporter-output>
  </reporter-output>
  <suite name="Regression Suite" duration-ms="44492" started-at="2018-06-26T15:46:08Z" finished-at="2018-06-26T15:46:53Z">
    <groups>
    </groups>
    <test name="AccountTests" duration-ms="44492" started-at="2018-06-26T15:46:08Z" finished-at="2018-06-26T15:46:53Z">
      <class name="RegistrationTests">
        <test-method status="PASS" signature="before(java.lang.String)[pri:0, instance:RegistrationTests@475e586c]" name="before" is-config="true" duration-ms="1869" started-at="2018-06-26T15:46:08Z" finished-at="2018-06-26T15:46:10Z">
          <params>
            <param index="0">
              <value>
                <![CDATA[https://pl.ogame.gameforge.com/]]>
              </value>
            </param>
          </params>
          <reporter-output>
          </reporter-output>
        </test-method> <!-- before -->
        <test-method status="PASS" signature="shouldNotRegister()[pri:0, instance:RegistrationTests@475e586c]" name="shouldNotRegister" duration-ms="6120" started-at="2018-06-26T15:46:10Z" finished-at="2018-06-26T15:46:16Z">
          <reporter-output>
          </reporter-output>
        </test-method> <!-- shouldNotRegister -->
        <test-method status="PASS" signature="after(org.testng.ITestResult)[pri:0, instance:RegistrationTests@475e586c]" name="after" is-config="true" duration-ms="708" started-at="2018-06-26T15:46:16Z" finished-at="2018-06-26T15:46:17Z">
          <params>
            <param index="0">
              <value>
                <![CDATA[[TestResult name=shouldNotRegister status=SUCCESS method=RegistrationTests.shouldNotRegister()[pri:0, instance:RegistrationTests@475e586c] output={null}]]]>
              </value>
            </param>
          </params>
          <reporter-output>
          </reporter-output>
        </test-method> <!-- after -->
        <test-method status="PASS" signature="before(java.lang.String)[pri:0, instance:RegistrationTests@475e586c]" name="before" is-config="true" duration-ms="1274" started-at="2018-06-26T15:46:17Z" finished-at="2018-06-26T15:46:18Z">
          <params>
            <param index="0">
              <value>
                <![CDATA[https://pl.ogame.gameforge.com/]]>
              </value>
            </param>
          </params>
          <reporter-output>
          </reporter-output>
        </test-method> <!-- before -->
        <test-method status="FAIL" signature="shouldRegister()[pri:0, instance:RegistrationTests@475e586c]" name="shouldRegister" duration-ms="33633" started-at="2018-06-26T15:46:18Z" finished-at="2018-06-26T15:46:52Z">
          <exception class="org.openqa.selenium.TimeoutException">
            <message>
              <![CDATA[Expected condition failed: waiting for pages.MainPage$2@4bff64c2 (tried for 30 second(s) with 500 MILLISECONDS interval)]]>
            </message>
            <full-stacktrace>
              <![CDATA[org.openqa.selenium.TimeoutException: Expected condition failed: waiting for pages.MainPage$2@4bff64c2 (tried for 30 second(s) with 500 MILLISECONDS interval)
at org.openqa.selenium.support.ui.WebDriverWait.timeoutException(WebDriverWait.java:82)
at org.openqa.selenium.support.ui.FluentWait.until(FluentWait.java:231)
at pages.MainPage.waitForPageLoad(MainPage.java:55)
at pages.IndexPage.openOgamePage(IndexPage.java:78)
at scenarios.RegisterScenario.run(RegisterScenario.java:20)
at scenarios.RegisterScenario.run(RegisterScenario.java:6)
at pages.MainPage.run(MainPage.java:59)
at RegistrationTests.shouldRegister(RegistrationTests.java:19)
at sun.reflect.NativeMethodAccessorImpl.invoke0(Native Method)
at sun.reflect.NativeMethodAccessorImpl.invoke(NativeMethodAccessorImpl.java:62)
at sun.reflect.DelegatingMethodAccessorImpl.invoke(DelegatingMethodAccessorImpl.java:43)
at java.lang.reflect.Method.invoke(Method.java:498)
at org.testng.internal.MethodInvocationHelper.invokeMethod(MethodInvocationHelper.java:124)
at org.testng.internal.Invoker.invokeMethod(Invoker.java:583)
at org.testng.internal.Invoker.invokeTestMethod(Invoker.java:719)
at org.testng.internal.Invoker.invokeTestMethods(Invoker.java:989)
at org.testng.internal.TestMethodWorker.invokeTestMethods(TestMethodWorker.java:125)
at org.testng.internal.TestMethodWorker.run(TestMethodWorker.java:109)
at org.testng.TestRunner.privateRun(TestRunner.java:648)
at org.testng.TestRunner.run(TestRunner.java:505)
at org.testng.SuiteRunner.runTest(SuiteRunner.java:455)
at org.testng.SuiteRunner.runSequentially(SuiteRunner.java:450)
at org.testng.SuiteRunner.privateRun(SuiteRunner.java:415)
at org.testng.SuiteRunner.run(SuiteRunner.java:364)
at org.testng.SuiteRunnerWorker.runSuite(SuiteRunnerWorker.java:52)
at org.testng.SuiteRunnerWorker.run(SuiteRunnerWorker.java:84)
at org.testng.TestNG.runSuitesSequentially(TestNG.java:1208)
at org.testng.TestNG.runSuitesLocally(TestNG.java:1137)
at org.testng.TestNG.runSuites(TestNG.java:1049)
at org.testng.TestNG.run(TestNG.java:1017)
at org.testng.IDEARemoteTestNG.run(IDEARemoteTestNG.java:72)
at org.testng.RemoteTestNGStarter.main(RemoteTestNGStarter.java:123)
Caused by: org.openqa.selenium.NoSuchWindowException: no such window: target window already closed
from unknown error: web view not found
  (Session info: chrome=67.0.3396.87)
  (Driver info: chromedriver=2.37.544315 (730aa6a5fdba159ac9f4c1e8cbc59bf1b5ce12b7),platform=Windows NT 6.1.7601 SP1 x86_64) (WARNING: The server did not provide any stacktrace information)
Command duration or timeout: 0 milliseconds
Build info: version: '3.8.1', revision: '6e95a6684b', time: '2017-12-01T18:33:54.468Z'
System info: host: 'PL-L-7005127', ip: '192.168.0.37', os.name: 'Windows 7', os.arch: 'amd64', os.version: '6.1', java.version: '1.8.0_131'
Driver info: org.openqa.selenium.chrome.ChromeDriver
Capabilities {acceptInsecureCerts: false, acceptSslCerts: false, applicationCacheEnabled: false, browserConnectionEnabled: false, browserName: chrome, chrome: {chromedriverVersion: 2.37.544315 (730aa6a5fdba15..., userDataDir: C:\Users\PLMIFUL\AppData\Lo...}, cssSelectorsEnabled: true, databaseEnabled: false, handlesAlerts: true, hasTouchScreen: false, javascriptEnabled: true, locationContextEnabled: true, mobileEmulationEnabled: false, nativeEvents: true, networkConnectionEnabled: false, pageLoadStrategy: normal, platform: XP, platformName: XP, rotatable: false, setWindowRect: true, takesHeapSnapshot: true, takesScreenshot: true, unexpectedAlertBehaviour: , unhandledPromptBehavior: , version: 67.0.3396.87, webStorageEnabled: true}
Session ID: 305d314df142d066dadcb053931eafc9
at sun.reflect.GeneratedConstructorAccessor16.newInstance(Unknown Source)
at sun.reflect.DelegatingConstructorAccessorImpl.newInstance(DelegatingConstructorAccessorImpl.java:45)
at java.lang.reflect.Constructor.newInstance(Constructor.java:423)
at org.openqa.selenium.remote.ErrorHandler.createThrowable(ErrorHandler.java:214)
at org.openqa.selenium.remote.ErrorHandler.throwIfResponseFailed(ErrorHandler.java:166)
at org.openqa.selenium.remote.http.JsonHttpResponseCodec.reconstructValue(JsonHttpResponseCodec.java:40)
at org.openqa.selenium.remote.http.AbstractHttpResponseCodec.decode(AbstractHttpResponseCodec.java:80)
at org.openqa.selenium.remote.http.AbstractHttpResponseCodec.decode(AbstractHttpResponseCodec.java:44)
at org.openqa.selenium.remote.HttpCommandExecutor.execute(HttpCommandExecutor.java:164)
at org.openqa.selenium.remote.service.DriverCommandExecutor.execute(DriverCommandExecutor.java:83)
at org.openqa.selenium.remote.RemoteWebDriver.execute(RemoteWebDriver.java:601)
at org.openqa.selenium.remote.RemoteWebDriver.executeScript(RemoteWebDriver.java:537)
at pages.MainPage$2.apply(MainPage.java:50)
at pages.MainPage$2.apply(MainPage.java:48)
at org.openqa.selenium.support.ui.FluentWait.until(FluentWait.java:208)
... 30 more
]]>
            </full-stacktrace>
          </exception> <!-- org.openqa.selenium.TimeoutException -->
          <reporter-output>
          </reporter-output>
        </test-method> <!-- shouldRegister -->
        <test-method status="PASS" signature="after(org.testng.ITestResult)[pri:0, instance:RegistrationTests@475e586c]" name="after" is-config="true" duration-ms="708" started-at="2018-06-26T15:46:52Z" finished-at="2018-06-26T15:46:53Z">
          <params>
            <param index="0">
              <value>
                <![CDATA[[TestResult name=shouldRegister status=FAILURE method=RegistrationTests.shouldRegister()[pri:0, instance:RegistrationTests@475e586c] output={null}]]]>
              </value>
            </param>
          </params>
          <reporter-output>
          </reporter-output>
        </test-method> <!-- after -->
      </class> <!-- RegistrationTests -->
    </test> <!-- AccountTests -->
  </suite> <!-- Regression Suite -->
</testng-results>
